# tts_decode.py --backend pytorch --ngpu 0 --verbose 1 --out exp/train_clean_100_pytorch_train_pytorch_tacotron2+spkemb/outputs_model.last1.avg.best_decode/sample/feats.1 --json exp/train_clean_100_pytorch_train_pytorch_tacotron2+spkemb/outputs_model.last1.avg.best_decode/sample/split1utt/data.1.json --model exp/train_clean_100_pytorch_train_pytorch_tacotron2+spkemb/results/model.last1.avg.best --config conf/decode.yaml 
# Started at Sun Aug 16 07:18:59 JST 2020
#
2020-08-16 07:19:00,488 (tts_decode:112) INFO: python path = /home/iris/Downloads/project-CURRENNT-public-master/pyTools
2020-08-16 07:19:00,488 (tts_decode:115) INFO: backend = pytorch
2020-08-16 07:19:03,526 (deterministic_utils:24) INFO: torch type check is disabled
2020-08-16 07:19:03,527 (asr_utils:439) INFO: reading a config file from exp/train_clean_100_pytorch_train_pytorch_tacotron2+spkemb/results/model.json
2020-08-16 07:19:03,548 (tts:486) INFO: args: backend: pytorch
2020-08-16 07:19:03,549 (tts:486) INFO: args: backward_window: 1
2020-08-16 07:19:03,549 (tts:486) INFO: args: config: conf/decode.yaml
2020-08-16 07:19:03,549 (tts:486) INFO: args: config2: None
2020-08-16 07:19:03,550 (tts:486) INFO: args: config3: None
2020-08-16 07:19:03,550 (tts:486) INFO: args: debugmode: 1
2020-08-16 07:19:03,550 (tts:486) INFO: args: forward_window: 3
2020-08-16 07:19:03,550 (tts:486) INFO: args: json: exp/train_clean_100_pytorch_train_pytorch_tacotron2+spkemb/outputs_model.last1.avg.best_decode/sample/split1utt/data.1.json
2020-08-16 07:19:03,551 (tts:486) INFO: args: maxlenratio: 10.0
2020-08-16 07:19:03,551 (tts:486) INFO: args: minlenratio: 0.0
2020-08-16 07:19:03,551 (tts:486) INFO: args: model: exp/train_clean_100_pytorch_train_pytorch_tacotron2+spkemb/results/model.last1.avg.best
2020-08-16 07:19:03,551 (tts:486) INFO: args: model_conf: None
2020-08-16 07:19:03,551 (tts:486) INFO: args: ngpu: 0
2020-08-16 07:19:03,551 (tts:486) INFO: args: out: exp/train_clean_100_pytorch_train_pytorch_tacotron2+spkemb/outputs_model.last1.avg.best_decode/sample/feats.1
2020-08-16 07:19:03,551 (tts:486) INFO: args: preprocess_conf: None
2020-08-16 07:19:03,551 (tts:486) INFO: args: save_durations: False
2020-08-16 07:19:03,551 (tts:486) INFO: args: save_focus_rates: False
2020-08-16 07:19:03,551 (tts:486) INFO: args: seed: 1
2020-08-16 07:19:03,551 (tts:486) INFO: args: threshold: 0.5
2020-08-16 07:19:03,551 (tts:486) INFO: args: use_att_constraint: False
2020-08-16 07:19:03,551 (tts:486) INFO: args: verbose: 1
2020-08-16 07:19:04,133 (tts:492) INFO: Tacotron2(
  (enc): Encoder(
    (embed): Embedding(78, 512, padding_idx=0)
    (convs): ModuleList(
      (0): Sequential(
        (0): Conv1d(512, 512, kernel_size=(5,), stride=(1,), padding=(2,), bias=False)
        (1): BatchNorm1d(512, eps=1e-05, momentum=0.1, affine=True, track_running_stats=True)
        (2): ReLU()
        (3): Dropout(p=0.5)
      )
      (1): Sequential(
        (0): Conv1d(512, 512, kernel_size=(5,), stride=(1,), padding=(2,), bias=False)
        (1): BatchNorm1d(512, eps=1e-05, momentum=0.1, affine=True, track_running_stats=True)
        (2): ReLU()
        (3): Dropout(p=0.5)
      )
      (2): Sequential(
        (0): Conv1d(512, 512, kernel_size=(5,), stride=(1,), padding=(2,), bias=False)
        (1): BatchNorm1d(512, eps=1e-05, momentum=0.1, affine=True, track_running_stats=True)
        (2): ReLU()
        (3): Dropout(p=0.5)
      )
    )
    (blstm): LSTM(512, 256, batch_first=True, bidirectional=True)
  )
  (dec): Decoder(
    (att): AttLoc(
      (mlp_enc): Linear(in_features=1024, out_features=128, bias=True)
      (mlp_dec): Linear(in_features=1024, out_features=128, bias=False)
      (mlp_att): Linear(in_features=32, out_features=128, bias=False)
      (loc_conv): Conv2d(1, 32, kernel_size=(1, 31), stride=(1, 1), padding=(0, 15), bias=False)
      (gvec): Linear(in_features=128, out_features=1, bias=True)
    )
    (lstm): ModuleList(
      (0): ZoneOutCell(
        (cell): LSTMCell(1280, 1024)
      )
      (1): ZoneOutCell(
        (cell): LSTMCell(1024, 1024)
      )
    )
    (prenet): Prenet(
      (prenet): ModuleList(
        (0): Sequential(
          (0): Linear(in_features=80, out_features=256, bias=True)
          (1): ReLU()
        )
        (1): Sequential(
          (0): Linear(in_features=256, out_features=256, bias=True)
          (1): ReLU()
        )
      )
    )
    (postnet): Postnet(
      (postnet): ModuleList(
        (0): Sequential(
          (0): Conv1d(80, 512, kernel_size=(5,), stride=(1,), padding=(2,), bias=False)
          (1): BatchNorm1d(512, eps=1e-05, momentum=0.1, affine=True, track_running_stats=True)
          (2): Tanh()
          (3): Dropout(p=0.5)
        )
        (1): Sequential(
          (0): Conv1d(512, 512, kernel_size=(5,), stride=(1,), padding=(2,), bias=False)
          (1): BatchNorm1d(512, eps=1e-05, momentum=0.1, affine=True, track_running_stats=True)
          (2): Tanh()
          (3): Dropout(p=0.5)
        )
        (2): Sequential(
          (0): Conv1d(512, 512, kernel_size=(5,), stride=(1,), padding=(2,), bias=False)
          (1): BatchNorm1d(512, eps=1e-05, momentum=0.1, affine=True, track_running_stats=True)
          (2): Tanh()
          (3): Dropout(p=0.5)
        )
        (3): Sequential(
          (0): Conv1d(512, 512, kernel_size=(5,), stride=(1,), padding=(2,), bias=False)
          (1): BatchNorm1d(512, eps=1e-05, momentum=0.1, affine=True, track_running_stats=True)
          (2): Tanh()
          (3): Dropout(p=0.5)
        )
        (4): Sequential(
          (0): Conv1d(512, 80, kernel_size=(5,), stride=(1,), padding=(2,), bias=False)
          (1): BatchNorm1d(80, eps=1e-05, momentum=0.1, affine=True, track_running_stats=True)
          (2): Dropout(p=0.5)
        )
      )
    )
    (feat_out): Linear(in_features=2048, out_features=160, bias=False)
    (prob_out): Linear(in_features=2048, out_features=2, bias=True)
  )
  (taco2_loss): Tacotron2Loss(
    (l1_criterion): L1Loss()
    (mse_criterion): MSELoss()
    (bce_criterion): BCEWithLogitsLoss()
  )
)
2020-08-16 07:19:04,135 (tts:495) INFO: reading model parameters from exp/train_clean_100_pytorch_train_pytorch_tacotron2+spkemb/results/model.last1.avg.best
2020-08-16 07:19:21,210 (tts:613) INFO: inference speed = 69.7 frames / sec.
2020-08-16 07:19:21,211 (tts:615) WARNING: output length reaches maximum length (1462-170142-0000).
2020-08-16 07:19:21,213 (tts:618) INFO: (1/1) 1462-170142-0000 (size: 117->1170, focus rate: 0.582)
# Accounting: time=24 threads=1
# Ended (code 0) at Sun Aug 16 07:19:23 JST 2020, elapsed time 24 seconds
