# nnet3-xvector-compute --use-gpu=no --min-chunk-size=25 --chunk-size=10000 --cache-capacity=64 "nnet3-copy --nnet-config=exp/xvector_nnet_1a/extract.config exp/xvector_nnet_1a/final.raw - |" "ark:apply-cmvn-sliding --norm-vars=false --center=true --cmn-window=300 scp:data/sample_mfcc_16k/split1/1/feats.scp ark:- | select-voiced-frames ark:- scp,s,cs:data/sample_mfcc_16k/split1/1/vad.scp ark:- |" ark,scp:exp/xvector_nnet_1a/xvectors_sample/xvector.1.ark,exp/xvector_nnet_1a/xvectors_sample/xvector.1.scp 
# Started at Sun Aug 16 07:17:05 JST 2020
#
nnet3-xvector-compute --use-gpu=no --min-chunk-size=25 --chunk-size=10000 --cache-capacity=64 'nnet3-copy --nnet-config=exp/xvector_nnet_1a/extract.config exp/xvector_nnet_1a/final.raw - |' 'ark:apply-cmvn-sliding --norm-vars=false --center=true --cmn-window=300 scp:data/sample_mfcc_16k/split1/1/feats.scp ark:- | select-voiced-frames ark:- scp,s,cs:data/sample_mfcc_16k/split1/1/vad.scp ark:- |' ark,scp:exp/xvector_nnet_1a/xvectors_sample/xvector.1.ark,exp/xvector_nnet_1a/xvectors_sample/xvector.1.scp 
nnet3-copy --nnet-config=exp/xvector_nnet_1a/extract.config exp/xvector_nnet_1a/final.raw - 
WARNING (nnet3-copy[5.5.645~1-08d17]:Check():nnet-nnet.cc:789) Node tdnn6.relu is never used to compute any output.
WARNING (nnet3-copy[5.5.645~1-08d17]:Check():nnet-nnet.cc:789) Node tdnn6.batchnorm is never used to compute any output.
WARNING (nnet3-copy[5.5.645~1-08d17]:Check():nnet-nnet.cc:789) Node tdnn7.affine is never used to compute any output.
WARNING (nnet3-copy[5.5.645~1-08d17]:Check():nnet-nnet.cc:789) Node tdnn7.relu is never used to compute any output.
WARNING (nnet3-copy[5.5.645~1-08d17]:Check():nnet-nnet.cc:789) Node tdnn7.batchnorm is never used to compute any output.
WARNING (nnet3-copy[5.5.645~1-08d17]:Check():nnet-nnet.cc:789) Node output.affine is never used to compute any output.
WARNING (nnet3-copy[5.5.645~1-08d17]:Check():nnet-nnet.cc:789) Node output.log-softmax is never used to compute any output.
LOG (nnet3-copy[5.5.645~1-08d17]:main():nnet3-copy.cc:114) Copied raw neural net from exp/xvector_nnet_1a/final.raw to -
WARNING (nnet3-xvector-compute[5.5.645~1-08d17]:Check():nnet-nnet.cc:789) Node tdnn6.relu is never used to compute any output.
WARNING (nnet3-xvector-compute[5.5.645~1-08d17]:Check():nnet-nnet.cc:789) Node tdnn6.batchnorm is never used to compute any output.
WARNING (nnet3-xvector-compute[5.5.645~1-08d17]:Check():nnet-nnet.cc:789) Node tdnn7.affine is never used to compute any output.
WARNING (nnet3-xvector-compute[5.5.645~1-08d17]:Check():nnet-nnet.cc:789) Node tdnn7.relu is never used to compute any output.
WARNING (nnet3-xvector-compute[5.5.645~1-08d17]:Check():nnet-nnet.cc:789) Node tdnn7.batchnorm is never used to compute any output.
WARNING (nnet3-xvector-compute[5.5.645~1-08d17]:Check():nnet-nnet.cc:789) Node output.affine is never used to compute any output.
WARNING (nnet3-xvector-compute[5.5.645~1-08d17]:Check():nnet-nnet.cc:789) Node output.log-softmax is never used to compute any output.
LOG (nnet3-xvector-compute[5.5.645~1-08d17]:RemoveOrphanNodes():nnet-nnet.cc:948) Removed 7 orphan nodes.
LOG (nnet3-xvector-compute[5.5.645~1-08d17]:RemoveOrphanComponents():nnet-nnet.cc:847) Removing 7 orphan components.
LOG (nnet3-xvector-compute[5.5.645~1-08d17]:Collapse():nnet-utils.cc:1472) Added 0 components, removed 7
apply-cmvn-sliding --norm-vars=false --center=true --cmn-window=300 scp:data/sample_mfcc_16k/split1/1/feats.scp ark:- 
select-voiced-frames ark:- scp,s,cs:data/sample_mfcc_16k/split1/1/vad.scp ark:- 
LOG (apply-cmvn-sliding[5.5.645~1-08d17]:main():apply-cmvn-sliding.cc:75) Applied sliding-window cepstral mean normalization to 1 utterances, 0 had errors.
LOG (select-voiced-frames[5.5.645~1-08d17]:main():select-voiced-frames.cc:106) Done selecting voiced frames; processed 1 utterances, 0 had errors.
LOG (nnet3-xvector-compute[5.5.645~1-08d17]:main():nnet3-xvector-compute.cc:182) Chunk size of 10000 is greater than the number of rows in utterance: 1462-170142-0000, using chunk size  of 389
LOG (nnet3-xvector-compute[5.5.645~1-08d17]:main():nnet3-xvector-compute.cc:238) Time taken 1.77718s: real-time factor assuming 100 frames/sec is 0.456858
LOG (nnet3-xvector-compute[5.5.645~1-08d17]:main():nnet3-xvector-compute.cc:241) Done 1 utterances, failed for 0
LOG (nnet3-xvector-compute[5.5.645~1-08d17]:~CachingOptimizingCompiler():nnet-optimize.cc:710) 1.43 seconds taken in nnet3 compilation total (breakdown: 1.41 compilation, 0.00194 optimization, 0 shortcut expansion, 0.000635 checking, 4.05e-06 computing indexes, 0.0128 misc.) + 0 I/O.
# Accounting: time=2 threads=1
# Ended (code 0) at Sun Aug 16 07:17:07 JST 2020, elapsed time 2 seconds
